<?xml version="1.0" encoding="UTF-8"?>
<robot generator="Robot 6.0.2 (Python 3.11.4 on win32)" generated="20241021 15:55:22.283" rpa="false" schemaversion="3">
<suite id="s1" name="Testrobothomestay" source="C:\Users\ASUS\Desktop\testapi\testrobothomestay.robot">
<test id="s1-t1" name="TC6002 เข้าสู่ระบบของผู้ใช้แบบมีมากกว่า 1 บทบาท" line="9">
<kw name="Open Browser" library="SeleniumLibrary">
<arg>${URL}</arg>
<arg>${BROWSER}</arg>
<doc>Opens a new browser instance to the optional ``url``.</doc>
<msg timestamp="20241021 15:55:22.538" level="INFO">Opening browser 'Edge' to base url 'https://h2-o-project-two.vercel.app'.</msg>
<msg timestamp="20241021 15:55:22.543" level="INFO">Executing: C:\Users\ASUS\AppData\Local\Programs\Python\Python311\Lib\site-packages\selenium\webdriver\common\windows\selenium-manager.exe --browser edge --output json</msg>
<status status="PASS" starttime="20241021 15:55:22.538" endtime="20241021 15:55:28.922"/>
</kw>
<kw name="Maximize Browser Window" library="SeleniumLibrary">
<doc>Maximizes current browser window.</doc>
<status status="PASS" starttime="20241021 15:55:28.922" endtime="20241021 15:55:28.965"/>
</kw>
<kw name="Click GetStart" library="keywords">
<kw name="Wait Until Element Is Visible" library="SeleniumLibrary">
<arg>${GetStart}</arg>
<arg>5s</arg>
<doc>Waits until the element ``locator`` is visible.</doc>
<status status="PASS" starttime="20241021 15:55:28.966" endtime="20241021 15:55:29.402"/>
</kw>
<kw name="Click Element" library="SeleniumLibrary">
<arg>${GetStart}</arg>
<doc>Click the element identified by ``locator``.</doc>
<msg timestamp="20241021 15:55:29.403" level="INFO">Clicking element 'id=GetStarted'.</msg>
<status status="PASS" starttime="20241021 15:55:29.402" endtime="20241021 15:55:29.445"/>
</kw>
<status status="PASS" starttime="20241021 15:55:28.965" endtime="20241021 15:55:29.446"/>
</kw>
<kw name="Input Text" library="SeleniumLibrary">
<arg>${Email}</arg>
<arg>${Email2}</arg>
<doc>Types the given ``text`` into the text field identified by ``locator``.</doc>
<msg timestamp="20241021 15:55:29.447" level="INFO">Typing text 'guy.guy0205245@gmail.com' into text field 'name=email'.</msg>
<status status="PASS" starttime="20241021 15:55:29.446" endtime="20241021 15:55:29.538"/>
</kw>
<kw name="Input Text" library="SeleniumLibrary">
<arg>${Password}</arg>
<arg>${Password2}</arg>
<doc>Types the given ``text`` into the text field identified by ``locator``.</doc>
<msg timestamp="20241021 15:55:29.539" level="INFO">Typing text 'Guyza123!' into text field 'name=password'.</msg>
<status status="PASS" starttime="20241021 15:55:29.539" endtime="20241021 15:55:29.621"/>
</kw>
<kw name="Click Element" library="SeleniumLibrary">
<arg>${Login}</arg>
<doc>Click the element identified by ``locator``.</doc>
<msg timestamp="20241021 15:55:29.622" level="INFO">Clicking element 'id=Login'.</msg>
<status status="PASS" starttime="20241021 15:55:29.621" endtime="20241021 15:55:29.681"/>
</kw>
<kw name="Selectrole" library="keywords">
<kw name="Wait Until Element Is Visible" library="SeleniumLibrary">
<arg>xpath=//*[@id="Modal-SelectRoles"]/div/button[3]</arg>
<arg>timeout=5s</arg>
<doc>Waits until the element ``locator`` is visible.</doc>
<status status="PASS" starttime="20241021 15:55:29.682" endtime="20241021 15:55:30.112"/>
</kw>
<kw name="Click Element" library="SeleniumLibrary">
<arg>xpath=//*[@id="Modal-SelectRoles"]/div/button[3]</arg>
<doc>Click the element identified by ``locator``.</doc>
<msg timestamp="20241021 15:55:30.113" level="INFO">Clicking element 'xpath=//*[@id="Modal-SelectRoles"]/div/button[3]'.</msg>
<status status="PASS" starttime="20241021 15:55:30.113" endtime="20241021 15:55:30.293"/>
</kw>
<status status="PASS" starttime="20241021 15:55:29.682" endtime="20241021 15:55:30.293"/>
</kw>
<kw name="CheckProfile" library="keywords">
<kw name="Wait Until Element Is Visible" library="SeleniumLibrary">
<arg>${Profile}</arg>
<arg>timeout=10s</arg>
<doc>Waits until the element ``locator`` is visible.</doc>
<status status="PASS" starttime="20241021 15:55:30.294" endtime="20241021 15:55:32.635"/>
</kw>
<kw name="Element Should Be Visible" library="SeleniumLibrary">
<arg>${Profile}</arg>
<doc>Verifies that the element identified by ``locator`` is visible.</doc>
<msg timestamp="20241021 15:55:32.643" level="INFO">Element 'id=avatarButton' is displayed.</msg>
<status status="PASS" starttime="20241021 15:55:32.635" endtime="20241021 15:55:32.643"/>
</kw>
<kw name="Sleep" library="BuiltIn">
<arg>3s</arg>
<doc>Pauses the test executed for the given time.</doc>
<msg timestamp="20241021 15:55:35.644" level="INFO">Slept 3 seconds</msg>
<status status="PASS" starttime="20241021 15:55:32.643" endtime="20241021 15:55:35.644"/>
</kw>
<status status="PASS" starttime="20241021 15:55:30.294" endtime="20241021 15:55:35.644"/>
</kw>
<kw name="CheckUserandRole2" library="keywords">
<kw name="Click Element" library="SeleniumLibrary">
<arg>${Profile}</arg>
<doc>Click the element identified by ``locator``.</doc>
<msg timestamp="20241021 15:55:35.644" level="INFO">Clicking element 'id=avatarButton'.</msg>
<status status="PASS" starttime="20241021 15:55:35.644" endtime="20241021 15:55:35.670"/>
</kw>
<kw name="Wait Until Element Is Visible" library="SeleniumLibrary">
<arg>xpath=//*[@id="userDropdown"]/div[1]/div[2]</arg>
<doc>Waits until the element ``locator`` is visible.</doc>
<status status="PASS" starttime="20241021 15:55:35.671" endtime="20241021 15:55:35.684"/>
</kw>
<kw name="Element Text Should Be" library="SeleniumLibrary">
<arg>xpath=//*[@id="userDropdown"]/div[1]/div[2]</arg>
<arg>${Role2}</arg>
<doc>Verifies that element ``locator`` contains exact the text ``expected``.</doc>
<msg timestamp="20241021 15:55:35.685" level="INFO">Verifying element 'xpath=//*[@id="userDropdown"]/div[1]/div[2]' contains exact text 'BUSINESS'.</msg>
<status status="PASS" starttime="20241021 15:55:35.684" endtime="20241021 15:55:35.698"/>
</kw>
<status status="PASS" starttime="20241021 15:55:35.644" endtime="20241021 15:55:35.698"/>
</kw>
<kw name="Capture Screenshot" library="keywords">
<kw name="Sleep" library="BuiltIn">
<arg>3s</arg>
<doc>Pauses the test executed for the given time.</doc>
<msg timestamp="20241021 15:55:38.700" level="INFO">Slept 3 seconds</msg>
<status status="PASS" starttime="20241021 15:55:35.699" endtime="20241021 15:55:38.700"/>
</kw>
<kw name="Get Time" library="BuiltIn">
<var>${timestamp}</var>
<arg>epoch</arg>
<doc>Returns the given time in the requested format.</doc>
<msg timestamp="20241021 15:55:38.700" level="INFO">${timestamp} = 1729500938</msg>
<status status="PASS" starttime="20241021 15:55:38.700" endtime="20241021 15:55:38.700"/>
</kw>
<kw name="Set Variable" library="BuiltIn">
<var>${screenshot_path}</var>
<arg>${SCREENSHOT_DIR}/screenshot_${timestamp}.png</arg>
<doc>Returns the given values which can then be assigned to a variables.</doc>
<msg timestamp="20241021 15:55:38.700" level="INFO">${screenshot_path} = C:\Users\ASUS\Desktop\testapi/screenshots/screenshot_1729500938.png</msg>
<status status="PASS" starttime="20241021 15:55:38.700" endtime="20241021 15:55:38.700"/>
</kw>
<kw name="Capture Page Screenshot" library="SeleniumLibrary">
<arg>${screenshot_path}</arg>
<doc>Takes a screenshot of the current page and embeds it into a log file.</doc>
<msg timestamp="20241021 15:55:38.977" level="INFO" html="true">&lt;/td&gt;&lt;/tr&gt;&lt;tr&gt;&lt;td colspan="3"&gt;&lt;a href="screenshots/screenshot_1729500938.png"&gt;&lt;img src="screenshots/screenshot_1729500938.png" width="800px"&gt;&lt;/a&gt;</msg>
<status status="PASS" starttime="20241021 15:55:38.700" endtime="20241021 15:55:38.977"/>
</kw>
<status status="PASS" starttime="20241021 15:55:35.698" endtime="20241021 15:55:38.977"/>
</kw>
<kw name="Close Browser" library="SeleniumLibrary">
<doc>Closes the current browser.</doc>
<status status="PASS" starttime="20241021 15:55:38.977" endtime="20241021 15:55:41.116"/>
</kw>
<tag>PassLoginMoreOneRole</tag>
<status status="PASS" starttime="20241021 15:55:22.537" endtime="20241021 15:55:41.117"/>
</test>
<status status="PASS" starttime="20241021 15:55:22.284" endtime="20241021 15:55:41.118"/>
</suite>
<statistics>
<total>
<stat pass="1" fail="0" skip="0">All Tests</stat>
</total>
<tag>
<stat pass="1" fail="0" skip="0">PassLoginMoreOneRole</stat>
</tag>
<suite>
<stat pass="1" fail="0" skip="0" id="s1" name="Testrobothomestay">Testrobothomestay</stat>
</suite>
</statistics>
<errors>
</errors>
</robot>
